<?xml version="1.0" ?>
<!DOCTYPE coverage SYSTEM "http://cobertura.sourceforge.net/xml/coverage-04.dtd">
<coverage lines-valid="151" lines-covered="146" line-rate="0.9668000000000001" branches-valid="117" branches-covered="103" branch-rate="0.8803" timestamp="1762877960185" complexity="0" version="0.1">
  <sources>
    <source>/Users/macbookprochm3572/Desktop/Reto/github/swapi_bancolombia</source>
  </sources>
  <packages>
    <package name="src" line-rate="1" branch-rate="1">
      <classes>
        <class name="App.tsx" filename="src/App.tsx" line-rate="0" branch-rate="0">
          <methods>
            <method name="App" hits="0" signature="()V">
              <lines>
                <line number="3" hits="0"/>
              </lines>
            </method>
          </methods>
          <lines>
          </lines>
        </class>
      </classes>
    </package>
    <package name="src.application.hooks" line-rate="1" branch-rate="0.8">
      <classes>
        <class name="useBuscarPersoanje.ts" filename="src/application/hooks/useBuscarPersoanje.ts" line-rate="1" branch-rate="0.8332999999999999">
          <methods>
            <method name="(anonymous_0)" hits="14" signature="()V">
              <lines>
                <line number="13" hits="14"/>
              </lines>
            </method>
            <method name="(anonymous_1)" hits="6" signature="()V">
              <lines>
                <line number="19" hits="6"/>
              </lines>
            </method>
            <method name="(anonymous_2)" hits="1" signature="()V">
              <lines>
                <line number="41" hits="1"/>
              </lines>
            </method>
          </methods>
          <lines>
            <line number="13" hits="1" branch="false"/>
            <line number="14" hits="14" branch="false"/>
            <line number="15" hits="14" branch="false"/>
            <line number="16" hits="14" branch="false"/>
            <line number="18" hits="14" branch="false"/>
            <line number="20" hits="6" branch="true" condition-coverage="100% (4/4)"/>
            <line number="21" hits="2" branch="false"/>
            <line number="22" hits="2" branch="false"/>
            <line number="23" hits="2" branch="false"/>
            <line number="26" hits="4" branch="false"/>
            <line number="27" hits="4" branch="false"/>
            <line number="28" hits="4" branch="false"/>
            <line number="29" hits="4" branch="false"/>
            <line number="30" hits="3" branch="false"/>
            <line number="32" hits="1" branch="true" condition-coverage="50% (1/2)"/>
            <line number="33" hits="1" branch="false"/>
            <line number="35" hits="4" branch="false"/>
            <line number="41" hits="14" branch="false"/>
            <line number="42" hits="1" branch="false"/>
            <line number="43" hits="1" branch="false"/>
            <line number="44" hits="1" branch="false"/>
            <line number="47" hits="14" branch="false"/>
          </lines>
        </class>
        <class name="usePersonajeConVehículos.ts" filename="src/application/hooks/usePersonajeConVehículos.ts" line-rate="1" branch-rate="0.75">
          <methods>
            <method name="(anonymous_0)" hits="11" signature="()V">
              <lines>
                <line number="12" hits="11"/>
              </lines>
            </method>
            <method name="(anonymous_1)" hits="6" signature="()V">
              <lines>
                <line number="20" hits="6"/>
              </lines>
            </method>
            <method name="(anonymous_2)" hits="5" signature="()V">
              <lines>
                <line number="40" hits="5"/>
              </lines>
            </method>
          </methods>
          <lines>
            <line number="12" hits="1" branch="false"/>
            <line number="16" hits="11" branch="false"/>
            <line number="17" hits="11" branch="false"/>
            <line number="18" hits="11" branch="false"/>
            <line number="20" hits="11" branch="false"/>
            <line number="21" hits="6" branch="true" condition-coverage="100% (2/2)"/>
            <line number="22" hits="1" branch="false"/>
            <line number="23" hits="1" branch="false"/>
            <line number="24" hits="1" branch="false"/>
            <line number="27" hits="5" branch="false"/>
            <line number="28" hits="5" branch="false"/>
            <line number="29" hits="5" branch="false"/>
            <line number="30" hits="5" branch="false"/>
            <line number="31" hits="4" branch="false"/>
            <line number="33" hits="1" branch="true" condition-coverage="50% (1/2)"/>
            <line number="34" hits="1" branch="false"/>
            <line number="36" hits="5" branch="false"/>
            <line number="40" hits="11" branch="false"/>
            <line number="41" hits="5" branch="false"/>
            <line number="44" hits="11" branch="false"/>
          </lines>
        </class>
      </classes>
    </package>
    <package name="src.core.entities" line-rate="1" branch-rate="1">
      <classes>
        <class name="Personaje.ts" filename="src/core/entities/Personaje.ts" line-rate="1" branch-rate="1">
          <methods>
            <method name="(anonymous_0)" hits="13" signature="()V">
              <lines>
                <line number="17" hits="13"/>
              </lines>
            </method>
          </methods>
          <lines>
            <line number="17" hits="3" branch="false"/>
            <line number="18" hits="13" branch="true" condition-coverage="100% (4/4)"/>
            <line number="19" hits="2" branch="false"/>
            <line number="22" hits="11" branch="false"/>
          </lines>
        </class>
        <class name="Vehiculo.ts" filename="src/core/entities/Vehiculo.ts" line-rate="1" branch-rate="1">
          <methods>
            <method name="(anonymous_0)" hits="16" signature="()V">
              <lines>
                <line number="15" hits="16"/>
              </lines>
            </method>
          </methods>
          <lines>
            <line number="15" hits="3" branch="false"/>
            <line number="16" hits="16" branch="true" condition-coverage="100% (4/4)"/>
            <line number="17" hits="2" branch="false"/>
            <line number="20" hits="14" branch="false"/>
          </lines>
        </class>
      </classes>
    </package>
    <package name="src.core.repositories" line-rate="1" branch-rate="1">
      <classes>
        <class name="IPersonajeRepository.ts" filename="src/core/repositories/IPersonajeRepository.ts" line-rate="0" branch-rate="0">
          <methods>
          </methods>
          <lines>
          </lines>
        </class>
        <class name="IVehiculoRepository.ts" filename="src/core/repositories/IVehiculoRepository.ts" line-rate="0" branch-rate="0">
          <methods>
          </methods>
          <lines>
          </lines>
        </class>
      </classes>
    </package>
    <package name="src.core.useCases" line-rate="1" branch-rate="1">
      <classes>
        <class name="BuscarPersonajes.ts" filename="src/core/useCases/BuscarPersonajes.ts" line-rate="1" branch-rate="1">
          <methods>
            <method name="(anonymous_0)" hits="6" signature="()V">
              <lines>
                <line number="11" hits="6"/>
              </lines>
            </method>
            <method name="(anonymous_1)" hits="6" signature="()V">
              <lines>
                <line number="7" hits="6"/>
              </lines>
            </method>
          </methods>
          <lines>
            <line number="5" hits="6" branch="false"/>
            <line number="8" hits="6" branch="false"/>
            <line number="12" hits="6" branch="true" condition-coverage="100% (4/4)"/>
            <line number="13" hits="2" branch="false"/>
            <line number="16" hits="4" branch="true" condition-coverage="100% (2/2)"/>
            <line number="17" hits="1" branch="false"/>
            <line number="20" hits="3" branch="false"/>
          </lines>
        </class>
        <class name="ObtenerPersonajeConVehículos.ts" filename="src/core/useCases/ObtenerPersonajeConVehículos.ts" line-rate="1" branch-rate="1">
          <methods>
            <method name="(anonymous_0)" hits="5" signature="()V">
              <lines>
                <line number="20" hits="5"/>
              </lines>
            </method>
            <method name="(anonymous_1)" hits="5" signature="()V">
              <lines>
                <line number="15" hits="5"/>
              </lines>
            </method>
          </methods>
          <lines>
            <line number="12" hits="5" branch="false"/>
            <line number="13" hits="5" branch="false"/>
            <line number="16" hits="5" branch="false"/>
            <line number="17" hits="5" branch="false"/>
            <line number="21" hits="5" branch="true" condition-coverage="100% (4/4)"/>
            <line number="22" hits="2" branch="false"/>
            <line number="25" hits="3" branch="false"/>
            <line number="27" hits="3" branch="true" condition-coverage="100% (2/2)"/>
            <line number="28" hits="1" branch="false"/>
            <line number="32" hits="2" branch="true" condition-coverage="100% (2/2)"/>
            <line number="36" hits="5" branch="false"/>
          </lines>
        </class>
      </classes>
    </package>
    <package name="src.infrastructure.api" line-rate="0.9268000000000001" branch-rate="0.9166">
      <classes>
        <class name="SwapiClient.ts" filename="src/infrastructure/api/SwapiClient.ts" line-rate="0.909" branch-rate="0.9166">
          <methods>
            <method name="(anonymous_0)" hits="24" signature="()V">
              <lines>
                <line number="19" hits="24"/>
              </lines>
            </method>
            <method name="(anonymous_1)" hits="0" signature="()V">
              <lines>
                <line number="21" hits="0"/>
              </lines>
            </method>
            <method name="(anonymous_2)" hits="16" signature="()V">
              <lines>
                <line number="42" hits="16"/>
              </lines>
            </method>
            <method name="(anonymous_3)" hits="13" signature="()V">
              <lines>
                <line number="58" hits="13"/>
              </lines>
            </method>
            <method name="(anonymous_4)" hits="5" signature="()V">
              <lines>
                <line number="64" hits="5"/>
              </lines>
            </method>
            <method name="(anonymous_5)" hits="0" signature="()V">
              <lines>
                <line number="70" hits="0"/>
              </lines>
            </method>
            <method name="(anonymous_6)" hits="6" signature="()V">
              <lines>
                <line number="76" hits="6"/>
              </lines>
            </method>
            <method name="(anonymous_7)" hits="17" signature="()V">
              <lines>
                <line number="14" hits="17"/>
              </lines>
            </method>
          </methods>
          <lines>
            <line number="11" hits="17" branch="false"/>
            <line number="12" hits="17" branch="false"/>
            <line number="15" hits="17" branch="false"/>
            <line number="16" hits="17" branch="false"/>
            <line number="20" hits="24" branch="false"/>
            <line number="21" hits="24" branch="false"/>
            <line number="23" hits="24" branch="false"/>
            <line number="24" hits="24" branch="false"/>
            <line number="29" hits="16" branch="false"/>
            <line number="30" hits="16" branch="false"/>
            <line number="32" hits="8" branch="false"/>
            <line number="34" hits="8" branch="true" condition-coverage="100% (4/4)"/>
            <line number="35" hits="2" branch="false"/>
            <line number="38" hits="6" branch="false"/>
            <line number="43" hits="16" branch="true" condition-coverage="100% (2/2)"/>
            <line number="44" hits="4" branch="false"/>
            <line number="47" hits="12" branch="true" condition-coverage="100% (2/2)"/>
            <line number="48" hits="5" branch="false"/>
            <line number="51" hits="7" branch="false"/>
            <line number="52" hits="7" branch="false"/>
            <line number="54" hits="2" branch="false"/>
            <line number="59" hits="13" branch="false"/>
            <line number="60" hits="13" branch="false"/>
            <line number="61" hits="9" branch="false"/>
            <line number="65" hits="5" branch="false"/>
            <line number="66" hits="5" branch="false"/>
            <line number="67" hits="3" branch="false"/>
            <line number="71" hits="0" branch="false"/>
            <line number="72" hits="0" branch="false"/>
            <line number="73" hits="0" branch="false"/>
            <line number="77" hits="6" branch="false"/>
            <line number="78" hits="4" branch="false"/>
            <line number="82" hits="1" branch="false"/>
          </lines>
        </class>
        <class name="types.ts" filename="src/infrastructure/api/types.ts" line-rate="1" branch-rate="1">
          <methods>
            <method name="(anonymous_0)" hits="22" signature="()V">
              <lines>
                <line number="50" hits="22"/>
              </lines>
            </method>
            <method name="(anonymous_1)" hits="8" signature="()V">
              <lines>
                <line number="59" hits="8"/>
              </lines>
            </method>
            <method name="(anonymous_2)" hits="7" signature="()V">
              <lines>
                <line number="66" hits="7"/>
              </lines>
            </method>
          </methods>
          <lines>
            <line number="51" hits="22" branch="false"/>
            <line number="52" hits="22" branch="false"/>
            <line number="53" hits="22" branch="false"/>
            <line number="54" hits="22" branch="false"/>
            <line number="60" hits="8" branch="false"/>
            <line number="61" hits="8" branch="false"/>
            <line number="67" hits="7" branch="false"/>
            <line number="68" hits="7" branch="false"/>
          </lines>
        </class>
      </classes>
    </package>
    <package name="src.infrastructure.mappers" line-rate="0.8332999999999999" branch-rate="0.5416">
      <classes>
        <class name="PersonajeMapper.ts" filename="src/infrastructure/mappers/PersonajeMapper.ts" line-rate="0.75" branch-rate="0.5">
          <methods>
            <method name="(anonymous_0)" hits="2" signature="()V">
              <lines>
                <line number="5" hits="2"/>
              </lines>
            </method>
            <method name="(anonymous_1)" hits="2" signature="()V">
              <lines>
                <line number="12" hits="2"/>
              </lines>
            </method>
            <method name="(anonymous_2)" hits="2" signature="()V">
              <lines>
                <line number="32" hits="2"/>
              </lines>
            </method>
            <method name="(anonymous_3)" hits="3" signature="()V">
              <lines>
                <line number="33" hits="3"/>
              </lines>
            </method>
          </methods>
          <lines>
            <line number="6" hits="8" branch="true" condition-coverage="50% (1/2)"/>
            <line number="8" hits="8" branch="false"/>
            <line number="9" hits="8" branch="true" condition-coverage="50% (1/2)"/>
            <line number="13" hits="8" branch="false"/>
            <line number="14" hits="8" branch="false"/>
            <line number="27" hits="0" branch="false"/>
            <line number="28" hits="0" branch="false"/>
            <line number="33" hits="4" branch="false"/>
          </lines>
        </class>
        <class name="VehicularMapper.ts" filename="src/infrastructure/mappers/VehicularMapper.ts" line-rate="1" branch-rate="1">
          <methods>
            <method name="(anonymous_0)" hits="2" signature="()V">
              <lines>
                <line number="5" hits="2"/>
              </lines>
            </method>
            <method name="(anonymous_1)" hits="2" signature="()V">
              <lines>
                <line number="10" hits="2"/>
              </lines>
            </method>
            <method name="(anonymous_2)" hits="2" signature="()V">
              <lines>
                <line number="26" hits="2"/>
              </lines>
            </method>
            <method name="(anonymous_3)" hits="2" signature="()V">
              <lines>
                <line number="27" hits="2"/>
              </lines>
            </method>
          </methods>
          <lines>
            <line number="6" hits="11" branch="false"/>
            <line number="7" hits="11" branch="true" condition-coverage="100% (2/2)"/>
            <line number="11" hits="11" branch="false"/>
            <line number="27" hits="2" branch="false"/>
          </lines>
        </class>
      </classes>
    </package>
    <package name="src.infrastructure.repositories" line-rate="1" branch-rate="1">
      <classes>
        <class name="PersonajeRepository.ts" filename="src/infrastructure/repositories/PersonajeRepository.ts" line-rate="1" branch-rate="1">
          <methods>
            <method name="(anonymous_0)" hits="3" signature="()V">
              <lines>
                <line number="14" hits="3"/>
              </lines>
            </method>
            <method name="(anonymous_1)" hits="3" signature="()V">
              <lines>
                <line number="26" hits="3"/>
              </lines>
            </method>
            <method name="(anonymous_2)" hits="6" signature="()V">
              <lines>
                <line number="10" hits="6"/>
              </lines>
            </method>
          </methods>
          <lines>
            <line number="8" hits="6" branch="false"/>
            <line number="11" hits="6" branch="false"/>
            <line number="15" hits="3" branch="false"/>
            <line number="16" hits="3" branch="false"/>
            <line number="17" hits="1" branch="false"/>
            <line number="19" hits="2" branch="true" condition-coverage="100% (2/2)"/>
            <line number="20" hits="1" branch="false"/>
            <line number="22" hits="1" branch="false"/>
            <line number="27" hits="3" branch="false"/>
            <line number="28" hits="2" branch="false"/>
          </lines>
        </class>
        <class name="VehiculoRepository.ts" filename="src/infrastructure/repositories/VehiculoRepository.ts" line-rate="1" branch-rate="1">
          <methods>
            <method name="(anonymous_0)" hits="9" signature="()V">
              <lines>
                <line number="14" hits="9"/>
              </lines>
            </method>
            <method name="(anonymous_1)" hits="4" signature="()V">
              <lines>
                <line number="26" hits="4"/>
              </lines>
            </method>
            <method name="(anonymous_2)" hits="6" signature="()V">
              <lines>
                <line number="27" hits="6"/>
              </lines>
            </method>
            <method name="(anonymous_3)" hits="6" signature="()V">
              <lines>
                <line number="29" hits="6"/>
              </lines>
            </method>
            <method name="(anonymous_4)" hits="7" signature="()V">
              <lines>
                <line number="10" hits="7"/>
              </lines>
            </method>
          </methods>
          <lines>
            <line number="8" hits="7" branch="false"/>
            <line number="11" hits="7" branch="false"/>
            <line number="15" hits="9" branch="false"/>
            <line number="16" hits="9" branch="false"/>
            <line number="17" hits="6" branch="false"/>
            <line number="19" hits="3" branch="true" condition-coverage="100% (2/2)"/>
            <line number="20" hits="2" branch="false"/>
            <line number="22" hits="1" branch="false"/>
            <line number="27" hits="6" branch="false"/>
            <line number="28" hits="4" branch="false"/>
            <line number="29" hits="6" branch="false"/>
          </lines>
        </class>
      </classes>
    </package>
    <package name="src.presentation.components" line-rate="1" branch-rate="1">
      <classes>
        <class name="Loading.tsx" filename="src/presentation/components/Loading.tsx" line-rate="1" branch-rate="1">
          <methods>
            <method name="(anonymous_0)" hits="2" signature="()V">
              <lines>
                <line number="7" hits="2"/>
              </lines>
            </method>
          </methods>
          <lines>
            <line number="7" hits="1" branch="true" condition-coverage="100% (1/1)"/>
          </lines>
        </class>
        <class name="MensajeError.tsx" filename="src/presentation/components/MensajeError.tsx" line-rate="1" branch-rate="1">
          <methods>
            <method name="(anonymous_0)" hits="4" signature="()V">
              <lines>
                <line number="8" hits="4"/>
              </lines>
            </method>
          </methods>
          <lines>
            <line number="8" hits="1" branch="false"/>
          </lines>
        </class>
        <class name="PersonajeCard.tsx" filename="src/presentation/components/PersonajeCard.tsx" line-rate="1" branch-rate="1">
          <methods>
            <method name="(anonymous_0)" hits="4" signature="()V">
              <lines>
                <line number="14" hits="4"/>
              </lines>
            </method>
            <method name="(anonymous_1)" hits="28" signature="()V">
              <lines>
                <line number="40" hits="28"/>
              </lines>
            </method>
          </methods>
          <lines>
            <line number="14" hits="1" branch="false"/>
            <line number="40" hits="1" branch="false"/>
            <line number="41" hits="28" branch="true" condition-coverage="100% (2/2)"/>
          </lines>
        </class>
        <class name="VehiculoLista.tsx" filename="src/presentation/components/VehiculoLista.tsx" line-rate="1" branch-rate="1">
          <methods>
            <method name="(anonymous_0)" hits="3" signature="()V">
              <lines>
                <line number="7" hits="3"/>
              </lines>
            </method>
            <method name="(anonymous_1)" hits="4" signature="()V">
              <lines>
                <line number="35" hits="4"/>
              </lines>
            </method>
            <method name="(anonymous_2)" hits="20" signature="()V">
              <lines>
                <line number="58" hits="20"/>
              </lines>
            </method>
          </methods>
          <lines>
            <line number="7" hits="1" branch="false"/>
            <line number="8" hits="3" branch="true" condition-coverage="100% (2/2)"/>
            <line number="35" hits="1" branch="false"/>
            <line number="58" hits="1" branch="false"/>
          </lines>
        </class>
      </classes>
    </package>
  </packages>
</coverage>
