{"/Users/macbookprochm3572/Desktop/Reto/github/swapi_bancolombia/src/App.tsx": {"path":"/Users/macbookprochm3572/Desktop/Reto/github/swapi_bancolombia/src/App.tsx","statementMap":{},"fnMap":{"0":{"name":"App","decl":{"start":{"line":3,"column":9},"end":{"line":3,"column":null}},"loc":{"start":{"line":3,"column":9},"end":{"line":9,"column":null}},"line":3}},"branchMap":{},"s":{},"f":{"0":0},"b":{},"meta":{"lastBranch":0,"lastFunction":1,"lastStatement":0,"seen":{"f:3:9:3:Infinity":0}}}
,"/Users/macbookprochm3572/Desktop/Reto/github/swapi_bancolombia/src/application/hooks/useBuscarPersoanje.ts": {"path":"/Users/macbookprochm3572/Desktop/Reto/github/swapi_bancolombia/src/application/hooks/useBuscarPersoanje.ts","statementMap":{"0":{"start":{"line":13,"column":34},"end":{"line":54,"column":null}},"1":{"start":{"line":14,"column":35},"end":{"line":14,"column":null}},"2":{"start":{"line":15,"column":29},"end":{"line":15,"column":null}},"3":{"start":{"line":16,"column":25},"end":{"line":16,"column":null}},"4":{"start":{"line":18,"column":8},"end":{"line":38,"column":null}},"5":{"start":{"line":20,"column":6},"end":{"line":24,"column":null}},"6":{"start":{"line":21,"column":8},"end":{"line":21,"column":null}},"7":{"start":{"line":22,"column":8},"end":{"line":22,"column":null}},"8":{"start":{"line":23,"column":8},"end":{"line":23,"column":null}},"9":{"start":{"line":26,"column":6},"end":{"line":36,"column":null}},"10":{"start":{"line":27,"column":8},"end":{"line":27,"column":null}},"11":{"start":{"line":28,"column":8},"end":{"line":28,"column":null}},"12":{"start":{"line":29,"column":24},"end":{"line":29,"column":null}},"13":{"start":{"line":30,"column":8},"end":{"line":30,"column":null}},"14":{"start":{"line":32,"column":8},"end":{"line":32,"column":null}},"15":{"start":{"line":33,"column":8},"end":{"line":33,"column":null}},"16":{"start":{"line":35,"column":8},"end":{"line":35,"column":null}},"17":{"start":{"line":41,"column":8},"end":{"line":45,"column":null}},"18":{"start":{"line":42,"column":4},"end":{"line":42,"column":null}},"19":{"start":{"line":43,"column":4},"end":{"line":43,"column":null}},"20":{"start":{"line":44,"column":4},"end":{"line":44,"column":null}},"21":{"start":{"line":47,"column":2},"end":{"line":53,"column":null}}},"fnMap":{"0":{"name":"(anonymous_0)","decl":{"start":{"line":13,"column":34},"end":{"line":13,"column":35}},"loc":{"start":{"line":13,"column":35},"end":{"line":54,"column":null}},"line":13},"1":{"name":"(anonymous_1)","decl":{"start":{"line":19,"column":4},"end":{"line":19,"column":11}},"loc":{"start":{"line":19,"column":11},"end":{"line":37,"column":null}},"line":19},"2":{"name":"(anonymous_2)","decl":{"start":{"line":41,"column":28},"end":{"line":41,"column":null}},"loc":{"start":{"line":41,"column":28},"end":{"line":45,"column":5}},"line":41}},"branchMap":{"0":{"loc":{"start":{"line":20,"column":6},"end":{"line":24,"column":null}},"type":"if","locations":[{"start":{"line":20,"column":6},"end":{"line":24,"column":null}},{"start":{},"end":{}}],"line":20},"1":{"loc":{"start":{"line":20,"column":10},"end":{"line":20,"column":43}},"type":"binary-expr","locations":[{"start":{"line":20,"column":10},"end":{"line":20,"column":19}},{"start":{"line":20,"column":19},"end":{"line":20,"column":43}}],"line":20},"2":{"loc":{"start":{"line":32,"column":17},"end":{"line":32,"column":null}},"type":"cond-expr","locations":[{"start":{"line":32,"column":40},"end":{"line":32,"column":46}},{"start":{"line":32,"column":46},"end":{"line":32,"column":null}}],"line":32}},"s":{"0":1,"1":14,"2":14,"3":14,"4":14,"5":6,"6":2,"7":2,"8":2,"9":4,"10":4,"11":4,"12":4,"13":3,"14":1,"15":1,"16":4,"17":14,"18":1,"19":1,"20":1,"21":14},"f":{"0":14,"1":6,"2":1},"b":{"0":[2,4],"1":[6,5],"2":[1,0]},"meta":{"lastBranch":3,"lastFunction":3,"lastStatement":22,"seen":{"s:13:34:54:Infinity":0,"f:13:34:13:35":0,"s:14:35:14:Infinity":1,"s:15:29:15:Infinity":2,"s:16:25:16:Infinity":3,"s:18:8:38:Infinity":4,"f:19:4:19:11":1,"b:20:6:24:Infinity:undefined:undefined:undefined:undefined":0,"s:20:6:24:Infinity":5,"b:20:10:20:19:20:19:20:43":1,"s:21:8:21:Infinity":6,"s:22:8:22:Infinity":7,"s:23:8:23:Infinity":8,"s:26:6:36:Infinity":9,"s:27:8:27:Infinity":10,"s:28:8:28:Infinity":11,"s:29:24:29:Infinity":12,"s:30:8:30:Infinity":13,"s:32:8:32:Infinity":14,"b:32:40:32:46:32:46:32:Infinity":2,"s:33:8:33:Infinity":15,"s:35:8:35:Infinity":16,"s:41:8:45:Infinity":17,"f:41:28:41:Infinity":2,"s:42:4:42:Infinity":18,"s:43:4:43:Infinity":19,"s:44:4:44:Infinity":20,"s:47:2:53:Infinity":21}}}
,"/Users/macbookprochm3572/Desktop/Reto/github/swapi_bancolombia/src/application/hooks/usePersonajeConVehículos.ts": {"path":"/Users/macbookprochm3572/Desktop/Reto/github/swapi_bancolombia/src/application/hooks/usePersonajeConVehículos.ts","statementMap":{"0":{"start":{"line":12,"column":40},"end":{"line":50,"column":null}},"1":{"start":{"line":16,"column":23},"end":{"line":16,"column":null}},"2":{"start":{"line":17,"column":29},"end":{"line":17,"column":null}},"3":{"start":{"line":18,"column":25},"end":{"line":18,"column":null}},"4":{"start":{"line":20,"column":8},"end":{"line":38,"column":null}},"5":{"start":{"line":21,"column":4},"end":{"line":25,"column":null}},"6":{"start":{"line":22,"column":6},"end":{"line":22,"column":null}},"7":{"start":{"line":23,"column":6},"end":{"line":23,"column":null}},"8":{"start":{"line":24,"column":6},"end":{"line":24,"column":null}},"9":{"start":{"line":27,"column":4},"end":{"line":37,"column":null}},"10":{"start":{"line":28,"column":6},"end":{"line":28,"column":null}},"11":{"start":{"line":29,"column":6},"end":{"line":29,"column":null}},"12":{"start":{"line":30,"column":21},"end":{"line":30,"column":null}},"13":{"start":{"line":31,"column":6},"end":{"line":31,"column":null}},"14":{"start":{"line":33,"column":6},"end":{"line":33,"column":null}},"15":{"start":{"line":34,"column":6},"end":{"line":34,"column":null}},"16":{"start":{"line":36,"column":6},"end":{"line":36,"column":null}},"17":{"start":{"line":40,"column":2},"end":{"line":42,"column":null}},"18":{"start":{"line":41,"column":4},"end":{"line":41,"column":null}},"19":{"start":{"line":44,"column":2},"end":{"line":49,"column":null}}},"fnMap":{"0":{"name":"(anonymous_0)","decl":{"start":{"line":12,"column":40},"end":{"line":12,"column":null}},"loc":{"start":{"line":14,"column":2},"end":{"line":50,"column":null}},"line":14},"1":{"name":"(anonymous_1)","decl":{"start":{"line":20,"column":32},"end":{"line":20,"column":null}},"loc":{"start":{"line":20,"column":32},"end":{"line":38,"column":5}},"line":20},"2":{"name":"(anonymous_2)","decl":{"start":{"line":40,"column":12},"end":{"line":40,"column":null}},"loc":{"start":{"line":40,"column":12},"end":{"line":42,"column":5}},"line":40}},"branchMap":{"0":{"loc":{"start":{"line":21,"column":4},"end":{"line":25,"column":null}},"type":"if","locations":[{"start":{"line":21,"column":4},"end":{"line":25,"column":null}},{"start":{},"end":{}}],"line":21},"1":{"loc":{"start":{"line":33,"column":15},"end":{"line":33,"column":null}},"type":"cond-expr","locations":[{"start":{"line":33,"column":38},"end":{"line":33,"column":44}},{"start":{"line":33,"column":44},"end":{"line":33,"column":null}}],"line":33}},"s":{"0":1,"1":11,"2":11,"3":11,"4":11,"5":6,"6":1,"7":1,"8":1,"9":5,"10":5,"11":5,"12":5,"13":4,"14":1,"15":1,"16":5,"17":11,"18":5,"19":11},"f":{"0":11,"1":6,"2":5},"b":{"0":[1,5],"1":[1,0]},"meta":{"lastBranch":2,"lastFunction":3,"lastStatement":20,"seen":{"s:12:40:50:Infinity":0,"f:12:40:12:Infinity":0,"s:16:23:16:Infinity":1,"s:17:29:17:Infinity":2,"s:18:25:18:Infinity":3,"s:20:8:38:Infinity":4,"f:20:32:20:Infinity":1,"b:21:4:25:Infinity:undefined:undefined:undefined:undefined":0,"s:21:4:25:Infinity":5,"s:22:6:22:Infinity":6,"s:23:6:23:Infinity":7,"s:24:6:24:Infinity":8,"s:27:4:37:Infinity":9,"s:28:6:28:Infinity":10,"s:29:6:29:Infinity":11,"s:30:21:30:Infinity":12,"s:31:6:31:Infinity":13,"s:33:6:33:Infinity":14,"b:33:38:33:44:33:44:33:Infinity":1,"s:34:6:34:Infinity":15,"s:36:6:36:Infinity":16,"s:40:2:42:Infinity":17,"f:40:12:40:Infinity":2,"s:41:4:41:Infinity":18,"s:44:2:49:Infinity":19}}}
,"/Users/macbookprochm3572/Desktop/Reto/github/swapi_bancolombia/src/core/entities/Personaje.ts": {"path":"/Users/macbookprochm3572/Desktop/Reto/github/swapi_bancolombia/src/core/entities/Personaje.ts","statementMap":{"0":{"start":{"line":17,"column":30},"end":{"line":35,"column":null}},"1":{"start":{"line":18,"column":2},"end":{"line":20,"column":null}},"2":{"start":{"line":19,"column":4},"end":{"line":19,"column":null}},"3":{"start":{"line":22,"column":2},"end":{"line":34,"column":null}}},"fnMap":{"0":{"name":"(anonymous_0)","decl":{"start":{"line":17,"column":30},"end":{"line":17,"column":31}},"loc":{"start":{"line":17,"column":31},"end":{"line":35,"column":null}},"line":17}},"branchMap":{"0":{"loc":{"start":{"line":18,"column":2},"end":{"line":20,"column":null}},"type":"if","locations":[{"start":{"line":18,"column":2},"end":{"line":20,"column":null}},{"start":{},"end":{}}],"line":18},"1":{"loc":{"start":{"line":18,"column":6},"end":{"line":18,"column":51}},"type":"binary-expr","locations":[{"start":{"line":18,"column":6},"end":{"line":18,"column":16}},{"start":{"line":18,"column":20},"end":{"line":18,"column":51}}],"line":18},"2":{"loc":{"start":{"line":23,"column":8},"end":{"line":23,"column":null}},"type":"binary-expr","locations":[{"start":{"line":23,"column":8},"end":{"line":23,"column":15}},{"start":{"line":23,"column":19},"end":{"line":23,"column":null}}],"line":23},"3":{"loc":{"start":{"line":25,"column":12},"end":{"line":25,"column":null}},"type":"binary-expr","locations":[{"start":{"line":25,"column":12},"end":{"line":25,"column":23}},{"start":{"line":25,"column":27},"end":{"line":25,"column":null}}],"line":25},"4":{"loc":{"start":{"line":26,"column":10},"end":{"line":26,"column":null}},"type":"binary-expr","locations":[{"start":{"line":26,"column":10},"end":{"line":26,"column":19}},{"start":{"line":26,"column":23},"end":{"line":26,"column":null}}],"line":26},"5":{"loc":{"start":{"line":27,"column":15},"end":{"line":27,"column":null}},"type":"binary-expr","locations":[{"start":{"line":27,"column":15},"end":{"line":27,"column":29}},{"start":{"line":27,"column":33},"end":{"line":27,"column":null}}],"line":27},"6":{"loc":{"start":{"line":28,"column":15},"end":{"line":28,"column":null}},"type":"binary-expr","locations":[{"start":{"line":28,"column":15},"end":{"line":28,"column":29}},{"start":{"line":28,"column":33},"end":{"line":28,"column":null}}],"line":28},"7":{"loc":{"start":{"line":29,"column":14},"end":{"line":29,"column":null}},"type":"binary-expr","locations":[{"start":{"line":29,"column":14},"end":{"line":29,"column":27}},{"start":{"line":29,"column":31},"end":{"line":29,"column":null}}],"line":29},"8":{"loc":{"start":{"line":30,"column":15},"end":{"line":30,"column":null}},"type":"binary-expr","locations":[{"start":{"line":30,"column":15},"end":{"line":30,"column":29}},{"start":{"line":30,"column":33},"end":{"line":30,"column":null}}],"line":30},"9":{"loc":{"start":{"line":31,"column":12},"end":{"line":31,"column":null}},"type":"binary-expr","locations":[{"start":{"line":31,"column":12},"end":{"line":31,"column":23}},{"start":{"line":31,"column":27},"end":{"line":31,"column":null}}],"line":31},"10":{"loc":{"start":{"line":32,"column":17},"end":{"line":32,"column":39}},"type":"binary-expr","locations":[{"start":{"line":32,"column":17},"end":{"line":32,"column":33}},{"start":{"line":32,"column":37},"end":{"line":32,"column":39}}],"line":32},"11":{"loc":{"start":{"line":33,"column":14},"end":{"line":33,"column":null}},"type":"binary-expr","locations":[{"start":{"line":33,"column":14},"end":{"line":33,"column":27}},{"start":{"line":33,"column":31},"end":{"line":33,"column":null}}],"line":33}},"s":{"0":3,"1":13,"2":2,"3":11},"f":{"0":13},"b":{"0":[2,11],"1":[13,12],"2":[11,2],"3":[13,1],"4":[13,2],"5":[13,2],"6":[13,2],"7":[13,2],"8":[13,2],"9":[13,1],"10":[13,2],"11":[13,10]},"meta":{"lastBranch":12,"lastFunction":1,"lastStatement":4,"seen":{"s:17:30:35:Infinity":0,"f:17:30:17:31":0,"b:18:2:20:Infinity:undefined:undefined:undefined:undefined":0,"s:18:2:20:Infinity":1,"b:18:6:18:16:18:20:18:51":1,"s:19:4:19:Infinity":2,"s:22:2:34:Infinity":3,"b:23:8:23:15:23:19:23:Infinity":2,"b:25:12:25:23:25:27:25:Infinity":3,"b:26:10:26:19:26:23:26:Infinity":4,"b:27:15:27:29:27:33:27:Infinity":5,"b:28:15:28:29:28:33:28:Infinity":6,"b:29:14:29:27:29:31:29:Infinity":7,"b:30:15:30:29:30:33:30:Infinity":8,"b:31:12:31:23:31:27:31:Infinity":9,"b:32:17:32:33:32:37:32:39":10,"b:33:14:33:27:33:31:33:Infinity":11}}}
,"/Users/macbookprochm3572/Desktop/Reto/github/swapi_bancolombia/src/core/entities/Vehiculo.ts": {"path":"/Users/macbookprochm3572/Desktop/Reto/github/swapi_bancolombia/src/core/entities/Vehiculo.ts","statementMap":{"0":{"start":{"line":15,"column":29},"end":{"line":33,"column":null}},"1":{"start":{"line":16,"column":2},"end":{"line":18,"column":null}},"2":{"start":{"line":17,"column":4},"end":{"line":17,"column":null}},"3":{"start":{"line":20,"column":2},"end":{"line":32,"column":null}}},"fnMap":{"0":{"name":"(anonymous_0)","decl":{"start":{"line":15,"column":29},"end":{"line":15,"column":30}},"loc":{"start":{"line":15,"column":30},"end":{"line":33,"column":null}},"line":15}},"branchMap":{"0":{"loc":{"start":{"line":16,"column":2},"end":{"line":18,"column":null}},"type":"if","locations":[{"start":{"line":16,"column":2},"end":{"line":18,"column":null}},{"start":{},"end":{}}],"line":16},"1":{"loc":{"start":{"line":16,"column":6},"end":{"line":16,"column":51}},"type":"binary-expr","locations":[{"start":{"line":16,"column":6},"end":{"line":16,"column":16}},{"start":{"line":16,"column":20},"end":{"line":16,"column":51}}],"line":16},"2":{"loc":{"start":{"line":21,"column":8},"end":{"line":21,"column":null}},"type":"binary-expr","locations":[{"start":{"line":21,"column":8},"end":{"line":21,"column":15}},{"start":{"line":21,"column":19},"end":{"line":21,"column":null}}],"line":21},"3":{"loc":{"start":{"line":23,"column":11},"end":{"line":23,"column":null}},"type":"binary-expr","locations":[{"start":{"line":23,"column":11},"end":{"line":23,"column":21}},{"start":{"line":23,"column":25},"end":{"line":23,"column":null}}],"line":23},"4":{"loc":{"start":{"line":24,"column":18},"end":{"line":24,"column":null}},"type":"binary-expr","locations":[{"start":{"line":24,"column":18},"end":{"line":24,"column":35}},{"start":{"line":24,"column":39},"end":{"line":24,"column":null}}],"line":24},"5":{"loc":{"start":{"line":25,"column":19},"end":{"line":25,"column":null}},"type":"binary-expr","locations":[{"start":{"line":25,"column":19},"end":{"line":25,"column":37}},{"start":{"line":25,"column":41},"end":{"line":25,"column":null}}],"line":25},"6":{"loc":{"start":{"line":26,"column":12},"end":{"line":26,"column":null}},"type":"binary-expr","locations":[{"start":{"line":26,"column":12},"end":{"line":26,"column":23}},{"start":{"line":26,"column":27},"end":{"line":26,"column":null}}],"line":26},"7":{"loc":{"start":{"line":27,"column":26},"end":{"line":27,"column":null}},"type":"binary-expr","locations":[{"start":{"line":27,"column":26},"end":{"line":27,"column":51}},{"start":{"line":27,"column":55},"end":{"line":27,"column":null}}],"line":27},"8":{"loc":{"start":{"line":28,"column":10},"end":{"line":28,"column":null}},"type":"binary-expr","locations":[{"start":{"line":28,"column":10},"end":{"line":28,"column":19}},{"start":{"line":28,"column":23},"end":{"line":28,"column":null}}],"line":28},"9":{"loc":{"start":{"line":29,"column":16},"end":{"line":29,"column":null}},"type":"binary-expr","locations":[{"start":{"line":29,"column":16},"end":{"line":29,"column":31}},{"start":{"line":29,"column":35},"end":{"line":29,"column":null}}],"line":29},"10":{"loc":{"start":{"line":30,"column":19},"end":{"line":30,"column":null}},"type":"binary-expr","locations":[{"start":{"line":30,"column":19},"end":{"line":30,"column":37}},{"start":{"line":30,"column":41},"end":{"line":30,"column":null}}],"line":30},"11":{"loc":{"start":{"line":31,"column":18},"end":{"line":31,"column":null}},"type":"binary-expr","locations":[{"start":{"line":31,"column":18},"end":{"line":31,"column":35}},{"start":{"line":31,"column":39},"end":{"line":31,"column":null}}],"line":31}},"s":{"0":3,"1":16,"2":2,"3":14},"f":{"0":16},"b":{"0":[2,14],"1":[16,15],"2":[14,3],"3":[16,1],"4":[16,1],"5":[16,2],"6":[16,2],"7":[16,2],"8":[16,2],"9":[16,2],"10":[16,2],"11":[16,2]},"meta":{"lastBranch":12,"lastFunction":1,"lastStatement":4,"seen":{"s:15:29:33:Infinity":0,"f:15:29:15:30":0,"b:16:2:18:Infinity:undefined:undefined:undefined:undefined":0,"s:16:2:18:Infinity":1,"b:16:6:16:16:16:20:16:51":1,"s:17:4:17:Infinity":2,"s:20:2:32:Infinity":3,"b:21:8:21:15:21:19:21:Infinity":2,"b:23:11:23:21:23:25:23:Infinity":3,"b:24:18:24:35:24:39:24:Infinity":4,"b:25:19:25:37:25:41:25:Infinity":5,"b:26:12:26:23:26:27:26:Infinity":6,"b:27:26:27:51:27:55:27:Infinity":7,"b:28:10:28:19:28:23:28:Infinity":8,"b:29:16:29:31:29:35:29:Infinity":9,"b:30:19:30:37:30:41:30:Infinity":10,"b:31:18:31:35:31:39:31:Infinity":11}}}
,"/Users/macbookprochm3572/Desktop/Reto/github/swapi_bancolombia/src/core/repositories/IPersonajeRepository.ts": {"path":"/Users/macbookprochm3572/Desktop/Reto/github/swapi_bancolombia/src/core/repositories/IPersonajeRepository.ts","statementMap":{},"fnMap":{},"branchMap":{},"s":{},"f":{},"b":{},"meta":{"lastBranch":0,"lastFunction":0,"lastStatement":0,"seen":{}}}
,"/Users/macbookprochm3572/Desktop/Reto/github/swapi_bancolombia/src/core/repositories/IVehiculoRepository.ts": {"path":"/Users/macbookprochm3572/Desktop/Reto/github/swapi_bancolombia/src/core/repositories/IVehiculoRepository.ts","statementMap":{},"fnMap":{},"branchMap":{},"s":{},"f":{},"b":{},"meta":{"lastBranch":0,"lastFunction":0,"lastStatement":0,"seen":{}}}
,"/Users/macbookprochm3572/Desktop/Reto/github/swapi_bancolombia/src/core/useCases/BuscarPersonajes.ts": {"path":"/Users/macbookprochm3572/Desktop/Reto/github/swapi_bancolombia/src/core/useCases/BuscarPersonajes.ts","statementMap":{"0":{"start":{"line":12,"column":4},"end":{"line":14,"column":null}},"1":{"start":{"line":13,"column":6},"end":{"line":13,"column":null}},"2":{"start":{"line":16,"column":4},"end":{"line":18,"column":null}},"3":{"start":{"line":17,"column":6},"end":{"line":17,"column":null}},"4":{"start":{"line":20,"column":4},"end":{"line":20,"column":null}},"5":{"start":{"line":5,"column":2},"end":{"line":5,"column":19}},"6":{"start":{"line":8,"column":4},"end":{"line":8,"column":null}}},"fnMap":{"0":{"name":"(anonymous_0)","decl":{"start":{"line":11,"column":8},"end":{"line":11,"column":16}},"loc":{"start":{"line":11,"column":58},"end":{"line":21,"column":null}},"line":11},"1":{"name":"(anonymous_1)","decl":{"start":{"line":7,"column":2},"end":{"line":7,"column":14}},"loc":{"start":{"line":7,"column":57},"end":{"line":9,"column":null}},"line":7}},"branchMap":{"0":{"loc":{"start":{"line":12,"column":4},"end":{"line":14,"column":null}},"type":"if","locations":[{"start":{"line":12,"column":4},"end":{"line":14,"column":null}},{"start":{},"end":{}}],"line":12},"1":{"loc":{"start":{"line":12,"column":8},"end":{"line":12,"column":55}},"type":"binary-expr","locations":[{"start":{"line":12,"column":8},"end":{"line":12,"column":23}},{"start":{"line":12,"column":23},"end":{"line":12,"column":55}}],"line":12},"2":{"loc":{"start":{"line":16,"column":4},"end":{"line":18,"column":null}},"type":"if","locations":[{"start":{"line":16,"column":4},"end":{"line":18,"column":null}},{"start":{},"end":{}}],"line":16}},"s":{"0":6,"1":2,"2":4,"3":1,"4":3,"5":6,"6":6},"f":{"0":6,"1":6},"b":{"0":[2,4],"1":[6,5],"2":[1,3]},"meta":{"lastBranch":3,"lastFunction":2,"lastStatement":7,"seen":{"f:11:8:11:16":0,"b:12:4:14:Infinity:undefined:undefined:undefined:undefined":0,"s:12:4:14:Infinity":0,"b:12:8:12:23:12:23:12:55":1,"s:13:6:13:Infinity":1,"b:16:4:18:Infinity:undefined:undefined:undefined:undefined":2,"s:16:4:18:Infinity":2,"s:17:6:17:Infinity":3,"s:20:4:20:Infinity":4,"f:7:2:7:14":1,"s:5:2:5:19":5,"s:8:4:8:Infinity":6}}}
,"/Users/macbookprochm3572/Desktop/Reto/github/swapi_bancolombia/src/core/useCases/ObtenerPersonajeConVehículos.ts": {"path":"/Users/macbookprochm3572/Desktop/Reto/github/swapi_bancolombia/src/core/useCases/ObtenerPersonajeConVehículos.ts","statementMap":{"0":{"start":{"line":21,"column":4},"end":{"line":23,"column":null}},"1":{"start":{"line":22,"column":6},"end":{"line":22,"column":null}},"2":{"start":{"line":25,"column":22},"end":{"line":25,"column":null}},"3":{"start":{"line":27,"column":4},"end":{"line":29,"column":null}},"4":{"start":{"line":28,"column":6},"end":{"line":28,"column":null}},"5":{"start":{"line":32,"column":6},"end":{"line":34,"column":12}},"6":{"start":{"line":36,"column":4},"end":{"line":39,"column":null}},"7":{"start":{"line":12,"column":2},"end":{"line":12,"column":19}},"8":{"start":{"line":13,"column":2},"end":{"line":13,"column":19}},"9":{"start":{"line":16,"column":4},"end":{"line":16,"column":null}},"10":{"start":{"line":17,"column":4},"end":{"line":17,"column":null}}},"fnMap":{"0":{"name":"(anonymous_0)","decl":{"start":{"line":20,"column":8},"end":{"line":20,"column":16}},"loc":{"start":{"line":20,"column":76},"end":{"line":40,"column":null}},"line":20},"1":{"name":"(anonymous_1)","decl":{"start":{"line":15,"column":2},"end":{"line":15,"column":14}},"loc":{"start":{"line":15,"column":98},"end":{"line":18,"column":null}},"line":15}},"branchMap":{"0":{"loc":{"start":{"line":21,"column":4},"end":{"line":23,"column":null}},"type":"if","locations":[{"start":{"line":21,"column":4},"end":{"line":23,"column":null}},{"start":{},"end":{}}],"line":21},"1":{"loc":{"start":{"line":21,"column":8},"end":{"line":21,"column":57}},"type":"binary-expr","locations":[{"start":{"line":21,"column":8},"end":{"line":21,"column":24}},{"start":{"line":21,"column":24},"end":{"line":21,"column":57}}],"line":21},"2":{"loc":{"start":{"line":27,"column":4},"end":{"line":29,"column":null}},"type":"if","locations":[{"start":{"line":27,"column":4},"end":{"line":29,"column":null}},{"start":{},"end":{}}],"line":27},"3":{"loc":{"start":{"line":32,"column":6},"end":{"line":34,"column":12}},"type":"cond-expr","locations":[{"start":{"line":33,"column":10},"end":{"line":33,"column":null}},{"start":{"line":34,"column":10},"end":{"line":34,"column":12}}],"line":32}},"s":{"0":5,"1":2,"2":3,"3":3,"4":1,"5":2,"6":5,"7":5,"8":5,"9":5,"10":5},"f":{"0":5,"1":5},"b":{"0":[2,3],"1":[5,4],"2":[1,2],"3":[1,1]},"meta":{"lastBranch":4,"lastFunction":2,"lastStatement":11,"seen":{"f:20:8:20:16":0,"b:21:4:23:Infinity:undefined:undefined:undefined:undefined":0,"s:21:4:23:Infinity":0,"b:21:8:21:24:21:24:21:57":1,"s:22:6:22:Infinity":1,"s:25:22:25:Infinity":2,"b:27:4:29:Infinity:undefined:undefined:undefined:undefined":2,"s:27:4:29:Infinity":3,"s:28:6:28:Infinity":4,"s:32:6:34:12":5,"b:33:10:33:Infinity:34:10:34:12":3,"s:36:4:39:Infinity":6,"f:15:2:15:14":1,"s:12:2:12:19":7,"s:13:2:13:19":8,"s:16:4:16:Infinity":9,"s:17:4:17:Infinity":10}}}
,"/Users/macbookprochm3572/Desktop/Reto/github/swapi_bancolombia/src/infrastructure/api/SwapiClient.ts": {"path":"/Users/macbookprochm3572/Desktop/Reto/github/swapi_bancolombia/src/infrastructure/api/SwapiClient.ts","statementMap":{"0":{"start":{"line":20,"column":23},"end":{"line":20,"column":null}},"1":{"start":{"line":21,"column":22},"end":{"line":21,"column":null}},"2":{"start":{"line":21,"column":39},"end":{"line":21,"column":59}},"3":{"start":{"line":23,"column":4},"end":{"line":39,"column":null}},"4":{"start":{"line":24,"column":23},"end":{"line":27,"column":null}},"5":{"start":{"line":29,"column":6},"end":{"line":29,"column":null}},"6":{"start":{"line":30,"column":6},"end":{"line":30,"column":null}},"7":{"start":{"line":32,"column":6},"end":{"line":32,"column":null}},"8":{"start":{"line":34,"column":6},"end":{"line":36,"column":null}},"9":{"start":{"line":35,"column":8},"end":{"line":35,"column":null}},"10":{"start":{"line":38,"column":6},"end":{"line":38,"column":null}},"11":{"start":{"line":43,"column":4},"end":{"line":45,"column":null}},"12":{"start":{"line":44,"column":6},"end":{"line":44,"column":null}},"13":{"start":{"line":47,"column":4},"end":{"line":49,"column":null}},"14":{"start":{"line":48,"column":6},"end":{"line":48,"column":null}},"15":{"start":{"line":51,"column":4},"end":{"line":55,"column":null}},"16":{"start":{"line":52,"column":6},"end":{"line":52,"column":null}},"17":{"start":{"line":54,"column":6},"end":{"line":54,"column":null}},"18":{"start":{"line":59,"column":16},"end":{"line":59,"column":47}},"19":{"start":{"line":60,"column":21},"end":{"line":60,"column":null}},"20":{"start":{"line":61,"column":4},"end":{"line":61,"column":null}},"21":{"start":{"line":65,"column":16},"end":{"line":65,"column":76}},"22":{"start":{"line":66,"column":21},"end":{"line":66,"column":null}},"23":{"start":{"line":67,"column":4},"end":{"line":67,"column":null}},"24":{"start":{"line":71,"column":16},"end":{"line":71,"column":54}},"25":{"start":{"line":72,"column":21},"end":{"line":72,"column":null}},"26":{"start":{"line":73,"column":4},"end":{"line":73,"column":null}},"27":{"start":{"line":77,"column":21},"end":{"line":77,"column":null}},"28":{"start":{"line":78,"column":4},"end":{"line":78,"column":null}},"29":{"start":{"line":11,"column":2},"end":{"line":11,"column":19}},"30":{"start":{"line":12,"column":2},"end":{"line":12,"column":19}},"31":{"start":{"line":15,"column":4},"end":{"line":15,"column":null}},"32":{"start":{"line":16,"column":4},"end":{"line":16,"column":null}},"33":{"start":{"line":82,"column":27},"end":{"line":82,"column":null}}},"fnMap":{"0":{"name":"(anonymous_0)","decl":{"start":{"line":19,"column":16},"end":{"line":19,"column":33}},"loc":{"start":{"line":19,"column":92},"end":{"line":40,"column":null}},"line":19},"1":{"name":"(anonymous_1)","decl":{"start":{"line":21,"column":33},"end":{"line":21,"column":39}},"loc":{"start":{"line":21,"column":39},"end":{"line":21,"column":59}},"line":21},"2":{"name":"(anonymous_2)","decl":{"start":{"line":42,"column":16},"end":{"line":42,"column":34}},"loc":{"start":{"line":42,"column":66},"end":{"line":56,"column":null}},"line":42},"3":{"name":"(anonymous_3)","decl":{"start":{"line":58,"column":8},"end":{"line":58,"column":21}},"loc":{"start":{"line":58,"column":66},"end":{"line":62,"column":null}},"line":58},"4":{"name":"(anonymous_4)","decl":{"start":{"line":64,"column":8},"end":{"line":64,"column":25}},"loc":{"start":{"line":64,"column":95},"end":{"line":68,"column":null}},"line":64},"5":{"name":"(anonymous_5)","decl":{"start":{"line":70,"column":8},"end":{"line":70,"column":25}},"loc":{"start":{"line":70,"column":91},"end":{"line":74,"column":null}},"line":70},"6":{"name":"(anonymous_6)","decl":{"start":{"line":76,"column":8},"end":{"line":76,"column":25}},"loc":{"start":{"line":76,"column":70},"end":{"line":79,"column":null}},"line":76},"7":{"name":"(anonymous_7)","decl":{"start":{"line":14,"column":2},"end":{"line":14,"column":14}},"loc":{"start":{"line":14,"column":65},"end":{"line":17,"column":null}},"line":14}},"branchMap":{"0":{"loc":{"start":{"line":19,"column":46},"end":{"line":19,"column":71}},"type":"default-arg","locations":[{"start":{"line":19,"column":69},"end":{"line":19,"column":71}}],"line":19},"1":{"loc":{"start":{"line":34,"column":6},"end":{"line":36,"column":null}},"type":"if","locations":[{"start":{"line":34,"column":6},"end":{"line":36,"column":null}},{"start":{},"end":{}}],"line":34},"2":{"loc":{"start":{"line":34,"column":10},"end":{"line":34,"column":65}},"type":"binary-expr","locations":[{"start":{"line":34,"column":10},"end":{"line":34,"column":36}},{"start":{"line":34,"column":36},"end":{"line":34,"column":65}}],"line":34},"3":{"loc":{"start":{"line":43,"column":4},"end":{"line":45,"column":null}},"type":"if","locations":[{"start":{"line":43,"column":4},"end":{"line":45,"column":null}},{"start":{},"end":{}}],"line":43},"4":{"loc":{"start":{"line":47,"column":4},"end":{"line":49,"column":null}},"type":"if","locations":[{"start":{"line":47,"column":4},"end":{"line":49,"column":null}},{"start":{},"end":{}}],"line":47},"5":{"loc":{"start":{"line":70,"column":25},"end":{"line":70,"column":33}},"type":"default-arg","locations":[{"start":{"line":70,"column":32},"end":{"line":70,"column":33}}],"line":70},"6":{"loc":{"start":{"line":14,"column":14},"end":{"line":14,"column":47}},"type":"default-arg","locations":[{"start":{"line":14,"column":24},"end":{"line":14,"column":47}}],"line":14},"7":{"loc":{"start":{"line":14,"column":49},"end":{"line":14,"column":63}},"type":"default-arg","locations":[{"start":{"line":14,"column":59},"end":{"line":14,"column":63}}],"line":14}},"s":{"0":24,"1":24,"2":0,"3":24,"4":24,"5":16,"6":16,"7":8,"8":8,"9":2,"10":6,"11":16,"12":4,"13":12,"14":5,"15":7,"16":7,"17":2,"18":13,"19":13,"20":9,"21":5,"22":5,"23":3,"24":0,"25":0,"26":0,"27":6,"28":4,"29":17,"30":17,"31":17,"32":17,"33":1},"f":{"0":24,"1":0,"2":16,"3":13,"4":5,"5":0,"6":6,"7":17},"b":{"0":[24],"1":[2,6],"2":[8,8],"3":[4,12],"4":[5,7],"5":[0],"6":[17],"7":[17]},"meta":{"lastBranch":8,"lastFunction":8,"lastStatement":34,"seen":{"f:19:16:19:33":0,"b:19:69:19:71":0,"s:20:23:20:Infinity":0,"s:21:22:21:Infinity":1,"f:21:33:21:39":1,"s:21:39:21:59":2,"s:23:4:39:Infinity":3,"s:24:23:27:Infinity":4,"s:29:6:29:Infinity":5,"s:30:6:30:Infinity":6,"s:32:6:32:Infinity":7,"b:34:6:36:Infinity:undefined:undefined:undefined:undefined":1,"s:34:6:36:Infinity":8,"b:34:10:34:36:34:36:34:65":2,"s:35:8:35:Infinity":9,"s:38:6:38:Infinity":10,"f:42:16:42:34":2,"b:43:4:45:Infinity:undefined:undefined:undefined:undefined":3,"s:43:4:45:Infinity":11,"s:44:6:44:Infinity":12,"b:47:4:49:Infinity:undefined:undefined:undefined:undefined":4,"s:47:4:49:Infinity":13,"s:48:6:48:Infinity":14,"s:51:4:55:Infinity":15,"s:52:6:52:Infinity":16,"s:54:6:54:Infinity":17,"f:58:8:58:21":3,"s:59:16:59:47":18,"s:60:21:60:Infinity":19,"s:61:4:61:Infinity":20,"f:64:8:64:25":4,"s:65:16:65:76":21,"s:66:21:66:Infinity":22,"s:67:4:67:Infinity":23,"f:70:8:70:25":5,"b:70:32:70:33":5,"s:71:16:71:54":24,"s:72:21:72:Infinity":25,"s:73:4:73:Infinity":26,"f:76:8:76:25":6,"s:77:21:77:Infinity":27,"s:78:4:78:Infinity":28,"f:14:2:14:14":7,"b:14:24:14:47":6,"b:14:59:14:63":7,"s:11:2:11:19":29,"s:12:2:12:19":30,"s:15:4:15:Infinity":31,"s:16:4:16:Infinity":32,"s:82:27:82:Infinity":33}}}
,"/Users/macbookprochm3572/Desktop/Reto/github/swapi_bancolombia/src/infrastructure/api/types.ts": {"path":"/Users/macbookprochm3572/Desktop/Reto/github/swapi_bancolombia/src/infrastructure/api/types.ts","statementMap":{"0":{"start":{"line":51,"column":4},"end":{"line":48,"column":9}},"1":{"start":{"line":52,"column":4},"end":{"line":52,"column":null}},"2":{"start":{"line":53,"column":4},"end":{"line":53,"column":null}},"3":{"start":{"line":54,"column":4},"end":{"line":54,"column":null}},"4":{"start":{"line":60,"column":4},"end":{"line":60,"column":null}},"5":{"start":{"line":61,"column":4},"end":{"line":61,"column":null}},"6":{"start":{"line":67,"column":4},"end":{"line":67,"column":null}},"7":{"start":{"line":68,"column":4},"end":{"line":68,"column":null}}},"fnMap":{"0":{"name":"(anonymous_0)","decl":{"start":{"line":50,"column":2},"end":{"line":50,"column":14}},"loc":{"start":{"line":50,"column":77},"end":{"line":55,"column":null}},"line":50},"1":{"name":"(anonymous_1)","decl":{"start":{"line":59,"column":2},"end":{"line":59,"column":14}},"loc":{"start":{"line":59,"column":56},"end":{"line":62,"column":null}},"line":59},"2":{"name":"(anonymous_2)","decl":{"start":{"line":66,"column":2},"end":{"line":66,"column":14}},"loc":{"start":{"line":66,"column":31},"end":{"line":69,"column":null}},"line":66}},"branchMap":{},"s":{"0":22,"1":22,"2":22,"3":22,"4":8,"5":8,"6":7,"7":7},"f":{"0":22,"1":8,"2":7},"b":{},"meta":{"lastBranch":0,"lastFunction":3,"lastStatement":8,"seen":{"f:50:2:50:14":0,"s:51:4:48:9":0,"s:52:4:52:Infinity":1,"s:53:4:53:Infinity":2,"s:54:4:54:Infinity":3,"f:59:2:59:14":1,"s:60:4:60:Infinity":4,"s:61:4:61:Infinity":5,"f:66:2:66:14":2,"s:67:4:67:Infinity":6,"s:68:4:68:Infinity":7}}}
,"/Users/macbookprochm3572/Desktop/Reto/github/swapi_bancolombia/src/infrastructure/mappers/PersonajeMapper.ts": {"path":"/Users/macbookprochm3572/Desktop/Reto/github/swapi_bancolombia/src/infrastructure/mappers/PersonajeMapper.ts","statementMap":{"0":{"start":{"line":6,"column":4},"end":{"line":6,"column":null}},"1":{"start":{"line":6,"column":14},"end":{"line":6,"column":null}},"2":{"start":{"line":8,"column":18},"end":{"line":8,"column":null}},"3":{"start":{"line":9,"column":4},"end":{"line":9,"column":null}},"4":{"start":{"line":13,"column":4},"end":{"line":29,"column":null}},"5":{"start":{"line":14,"column":6},"end":{"line":25,"column":null}},"6":{"start":{"line":27,"column":6},"end":{"line":27,"column":null}},"7":{"start":{"line":28,"column":6},"end":{"line":28,"column":null}},"8":{"start":{"line":33,"column":4},"end":{"line":33,"column":null}},"9":{"start":{"line":33,"column":39},"end":{"line":33,"column":null}}},"fnMap":{"0":{"name":"(anonymous_0)","decl":{"start":{"line":5,"column":17},"end":{"line":5,"column":32}},"loc":{"start":{"line":5,"column":65},"end":{"line":10,"column":null}},"line":5},"1":{"name":"(anonymous_1)","decl":{"start":{"line":12,"column":9},"end":{"line":12,"column":18}},"loc":{"start":{"line":12,"column":63},"end":{"line":30,"column":null}},"line":12},"2":{"name":"(anonymous_2)","decl":{"start":{"line":32,"column":9},"end":{"line":32,"column":22}},"loc":{"start":{"line":32,"column":72},"end":{"line":34,"column":null}},"line":32},"3":{"name":"(anonymous_3)","decl":{"start":{"line":33,"column":25},"end":{"line":33,"column":26}},"loc":{"start":{"line":33,"column":39},"end":{"line":33,"column":null}},"line":33}},"branchMap":{"0":{"loc":{"start":{"line":6,"column":4},"end":{"line":6,"column":null}},"type":"if","locations":[{"start":{"line":6,"column":4},"end":{"line":6,"column":null}},{"start":{},"end":{}}],"line":6},"1":{"loc":{"start":{"line":9,"column":11},"end":{"line":9,"column":null}},"type":"cond-expr","locations":[{"start":{"line":9,"column":19},"end":{"line":9,"column":27}},{"start":{"line":9,"column":30},"end":{"line":9,"column":null}}],"line":9},"2":{"loc":{"start":{"line":16,"column":14},"end":{"line":16,"column":null}},"type":"binary-expr","locations":[{"start":{"line":16,"column":14},"end":{"line":16,"column":27}},{"start":{"line":16,"column":31},"end":{"line":16,"column":null}}],"line":16},"3":{"loc":{"start":{"line":17,"column":16},"end":{"line":17,"column":null}},"type":"binary-expr","locations":[{"start":{"line":17,"column":16},"end":{"line":17,"column":31}},{"start":{"line":17,"column":35},"end":{"line":17,"column":null}}],"line":17},"4":{"loc":{"start":{"line":18,"column":14},"end":{"line":18,"column":null}},"type":"binary-expr","locations":[{"start":{"line":18,"column":14},"end":{"line":18,"column":27}},{"start":{"line":18,"column":31},"end":{"line":18,"column":null}}],"line":18},"5":{"loc":{"start":{"line":19,"column":19},"end":{"line":19,"column":null}},"type":"binary-expr","locations":[{"start":{"line":19,"column":19},"end":{"line":19,"column":38}},{"start":{"line":19,"column":42},"end":{"line":19,"column":null}}],"line":19},"6":{"loc":{"start":{"line":20,"column":19},"end":{"line":20,"column":null}},"type":"binary-expr","locations":[{"start":{"line":20,"column":19},"end":{"line":20,"column":38}},{"start":{"line":20,"column":42},"end":{"line":20,"column":null}}],"line":20},"7":{"loc":{"start":{"line":21,"column":18},"end":{"line":21,"column":null}},"type":"binary-expr","locations":[{"start":{"line":21,"column":18},"end":{"line":21,"column":36}},{"start":{"line":21,"column":40},"end":{"line":21,"column":null}}],"line":21},"8":{"loc":{"start":{"line":22,"column":19},"end":{"line":22,"column":null}},"type":"binary-expr","locations":[{"start":{"line":22,"column":19},"end":{"line":22,"column":38}},{"start":{"line":22,"column":42},"end":{"line":22,"column":null}}],"line":22},"9":{"loc":{"start":{"line":23,"column":16},"end":{"line":23,"column":null}},"type":"binary-expr","locations":[{"start":{"line":23,"column":16},"end":{"line":23,"column":31}},{"start":{"line":23,"column":35},"end":{"line":23,"column":null}}],"line":23},"10":{"loc":{"start":{"line":24,"column":21},"end":{"line":24,"column":null}},"type":"binary-expr","locations":[{"start":{"line":24,"column":21},"end":{"line":24,"column":38}},{"start":{"line":24,"column":42},"end":{"line":24,"column":null}}],"line":24}},"s":{"0":8,"1":0,"2":8,"3":8,"4":8,"5":8,"6":0,"7":0,"8":4,"9":3},"f":{"0":2,"1":2,"2":2,"3":3},"b":{"0":[0,8],"1":[8,0],"2":[8,0],"3":[8,0],"4":[8,0],"5":[8,0],"6":[8,0],"7":[8,0],"8":[8,0],"9":[8,0],"10":[8,0]},"meta":{"lastBranch":11,"lastFunction":4,"lastStatement":10,"seen":{"f:5:17:5:32":0,"b:6:4:6:Infinity:undefined:undefined:undefined:undefined":0,"s:6:4:6:Infinity":0,"s:6:14:6:Infinity":1,"s:8:18:8:Infinity":2,"s:9:4:9:Infinity":3,"b:9:19:9:27:9:30:9:Infinity":1,"f:12:9:12:18":1,"s:13:4:29:Infinity":4,"s:14:6:25:Infinity":5,"b:16:14:16:27:16:31:16:Infinity":2,"b:17:16:17:31:17:35:17:Infinity":3,"b:18:14:18:27:18:31:18:Infinity":4,"b:19:19:19:38:19:42:19:Infinity":5,"b:20:19:20:38:20:42:20:Infinity":6,"b:21:18:21:36:21:40:21:Infinity":7,"b:22:19:22:38:22:42:22:Infinity":8,"b:23:16:23:31:23:35:23:Infinity":9,"b:24:21:24:38:24:42:24:Infinity":10,"s:27:6:27:Infinity":6,"s:28:6:28:Infinity":7,"f:32:9:32:22":2,"s:33:4:33:Infinity":8,"f:33:25:33:26":3,"s:33:39:33:Infinity":9}}}
,"/Users/macbookprochm3572/Desktop/Reto/github/swapi_bancolombia/src/infrastructure/mappers/VehicularMapper.ts": {"path":"/Users/macbookprochm3572/Desktop/Reto/github/swapi_bancolombia/src/infrastructure/mappers/VehicularMapper.ts","statementMap":{"0":{"start":{"line":6,"column":18},"end":{"line":6,"column":null}},"1":{"start":{"line":7,"column":4},"end":{"line":7,"column":null}},"2":{"start":{"line":11,"column":4},"end":{"line":23,"column":null}},"3":{"start":{"line":27,"column":4},"end":{"line":27,"column":null}},"4":{"start":{"line":27,"column":39},"end":{"line":27,"column":null}}},"fnMap":{"0":{"name":"(anonymous_0)","decl":{"start":{"line":5,"column":17},"end":{"line":5,"column":34}},"loc":{"start":{"line":5,"column":55},"end":{"line":8,"column":null}},"line":5},"1":{"name":"(anonymous_1)","decl":{"start":{"line":10,"column":9},"end":{"line":10,"column":18}},"loc":{"start":{"line":10,"column":61},"end":{"line":24,"column":null}},"line":10},"2":{"name":"(anonymous_2)","decl":{"start":{"line":26,"column":9},"end":{"line":26,"column":22}},"loc":{"start":{"line":26,"column":70},"end":{"line":28,"column":null}},"line":26},"3":{"name":"(anonymous_3)","decl":{"start":{"line":27,"column":25},"end":{"line":27,"column":26}},"loc":{"start":{"line":27,"column":39},"end":{"line":27,"column":null}},"line":27}},"branchMap":{"0":{"loc":{"start":{"line":7,"column":11},"end":{"line":7,"column":null}},"type":"cond-expr","locations":[{"start":{"line":7,"column":19},"end":{"line":7,"column":27}},{"start":{"line":7,"column":30},"end":{"line":7,"column":null}}],"line":7}},"s":{"0":11,"1":11,"2":11,"3":2,"4":2},"f":{"0":2,"1":2,"2":2,"3":2},"b":{"0":[10,1]},"meta":{"lastBranch":1,"lastFunction":4,"lastStatement":5,"seen":{"f:5:17:5:34":0,"s:6:18:6:Infinity":0,"s:7:4:7:Infinity":1,"b:7:19:7:27:7:30:7:Infinity":0,"f:10:9:10:18":1,"s:11:4:23:Infinity":2,"f:26:9:26:22":2,"s:27:4:27:Infinity":3,"f:27:25:27:26":3,"s:27:39:27:Infinity":4}}}
,"/Users/macbookprochm3572/Desktop/Reto/github/swapi_bancolombia/src/infrastructure/repositories/PersonajeRepository.ts": {"path":"/Users/macbookprochm3572/Desktop/Reto/github/swapi_bancolombia/src/infrastructure/repositories/PersonajeRepository.ts","statementMap":{"0":{"start":{"line":15,"column":4},"end":{"line":23,"column":null}},"1":{"start":{"line":16,"column":23},"end":{"line":16,"column":null}},"2":{"start":{"line":17,"column":6},"end":{"line":17,"column":null}},"3":{"start":{"line":19,"column":6},"end":{"line":21,"column":null}},"4":{"start":{"line":20,"column":8},"end":{"line":20,"column":null}},"5":{"start":{"line":22,"column":6},"end":{"line":22,"column":null}},"6":{"start":{"line":27,"column":21},"end":{"line":27,"column":null}},"7":{"start":{"line":28,"column":4},"end":{"line":28,"column":null}},"8":{"start":{"line":8,"column":2},"end":{"line":8,"column":19}},"9":{"start":{"line":11,"column":4},"end":{"line":11,"column":null}}},"fnMap":{"0":{"name":"(anonymous_0)","decl":{"start":{"line":14,"column":8},"end":{"line":14,"column":25}},"loc":{"start":{"line":14,"column":64},"end":{"line":24,"column":null}},"line":14},"1":{"name":"(anonymous_1)","decl":{"start":{"line":26,"column":8},"end":{"line":26,"column":30}},"loc":{"start":{"line":26,"column":66},"end":{"line":29,"column":null}},"line":26},"2":{"name":"(anonymous_2)","decl":{"start":{"line":10,"column":2},"end":{"line":10,"column":14}},"loc":{"start":{"line":10,"column":38},"end":{"line":12,"column":null}},"line":10}},"branchMap":{"0":{"loc":{"start":{"line":19,"column":6},"end":{"line":21,"column":null}},"type":"if","locations":[{"start":{"line":19,"column":6},"end":{"line":21,"column":null}},{"start":{},"end":{}}],"line":19}},"s":{"0":3,"1":3,"2":1,"3":2,"4":1,"5":1,"6":3,"7":2,"8":6,"9":6},"f":{"0":3,"1":3,"2":6},"b":{"0":[1,1]},"meta":{"lastBranch":1,"lastFunction":3,"lastStatement":10,"seen":{"f:14:8:14:25":0,"s:15:4:23:Infinity":0,"s:16:23:16:Infinity":1,"s:17:6:17:Infinity":2,"b:19:6:21:Infinity:undefined:undefined:undefined:undefined":0,"s:19:6:21:Infinity":3,"s:20:8:20:Infinity":4,"s:22:6:22:Infinity":5,"f:26:8:26:30":1,"s:27:21:27:Infinity":6,"s:28:4:28:Infinity":7,"f:10:2:10:14":2,"s:8:2:8:19":8,"s:11:4:11:Infinity":9}}}
,"/Users/macbookprochm3572/Desktop/Reto/github/swapi_bancolombia/src/infrastructure/repositories/VehiculoRepository.ts": {"path":"/Users/macbookprochm3572/Desktop/Reto/github/swapi_bancolombia/src/infrastructure/repositories/VehiculoRepository.ts","statementMap":{"0":{"start":{"line":15,"column":4},"end":{"line":23,"column":null}},"1":{"start":{"line":16,"column":23},"end":{"line":16,"column":null}},"2":{"start":{"line":17,"column":6},"end":{"line":17,"column":null}},"3":{"start":{"line":19,"column":6},"end":{"line":21,"column":null}},"4":{"start":{"line":20,"column":8},"end":{"line":20,"column":null}},"5":{"start":{"line":22,"column":6},"end":{"line":22,"column":null}},"6":{"start":{"line":27,"column":29},"end":{"line":27,"column":null}},"7":{"start":{"line":27,"column":47},"end":{"line":27,"column":null}},"8":{"start":{"line":28,"column":22},"end":{"line":28,"column":null}},"9":{"start":{"line":29,"column":4},"end":{"line":29,"column":null}},"10":{"start":{"line":29,"column":64},"end":{"line":29,"column":null}},"11":{"start":{"line":8,"column":2},"end":{"line":8,"column":19}},"12":{"start":{"line":11,"column":4},"end":{"line":11,"column":null}}},"fnMap":{"0":{"name":"(anonymous_0)","decl":{"start":{"line":14,"column":8},"end":{"line":14,"column":25}},"loc":{"start":{"line":14,"column":64},"end":{"line":24,"column":null}},"line":14},"1":{"name":"(anonymous_1)","decl":{"start":{"line":26,"column":8},"end":{"line":26,"column":27}},"loc":{"start":{"line":26,"column":64},"end":{"line":30,"column":null}},"line":26},"2":{"name":"(anonymous_2)","decl":{"start":{"line":27,"column":38},"end":{"line":27,"column":39}},"loc":{"start":{"line":27,"column":47},"end":{"line":27,"column":null}},"line":27},"3":{"name":"(anonymous_3)","decl":{"start":{"line":29,"column":28},"end":{"line":29,"column":29}},"loc":{"start":{"line":29,"column":64},"end":{"line":29,"column":null}},"line":29},"4":{"name":"(anonymous_4)","decl":{"start":{"line":10,"column":2},"end":{"line":10,"column":14}},"loc":{"start":{"line":10,"column":38},"end":{"line":12,"column":null}},"line":10}},"branchMap":{"0":{"loc":{"start":{"line":19,"column":6},"end":{"line":21,"column":null}},"type":"if","locations":[{"start":{"line":19,"column":6},"end":{"line":21,"column":null}},{"start":{},"end":{}}],"line":19}},"s":{"0":9,"1":9,"2":6,"3":3,"4":2,"5":1,"6":4,"7":6,"8":4,"9":4,"10":6,"11":7,"12":7},"f":{"0":9,"1":4,"2":6,"3":6,"4":7},"b":{"0":[2,1]},"meta":{"lastBranch":1,"lastFunction":5,"lastStatement":13,"seen":{"f:14:8:14:25":0,"s:15:4:23:Infinity":0,"s:16:23:16:Infinity":1,"s:17:6:17:Infinity":2,"b:19:6:21:Infinity:undefined:undefined:undefined:undefined":0,"s:19:6:21:Infinity":3,"s:20:8:20:Infinity":4,"s:22:6:22:Infinity":5,"f:26:8:26:27":1,"s:27:29:27:Infinity":6,"f:27:38:27:39":2,"s:27:47:27:Infinity":7,"s:28:22:28:Infinity":8,"s:29:4:29:Infinity":9,"f:29:28:29:29":3,"s:29:64:29:Infinity":10,"f:10:2:10:14":4,"s:8:2:8:19":11,"s:11:4:11:Infinity":12}}}
,"/Users/macbookprochm3572/Desktop/Reto/github/swapi_bancolombia/src/presentation/components/Loading.tsx": {"path":"/Users/macbookprochm3572/Desktop/Reto/github/swapi_bancolombia/src/presentation/components/Loading.tsx","statementMap":{"0":{"start":{"line":7,"column":23},"end":{"line":14,"column":null}}},"fnMap":{"0":{"name":"(anonymous_0)","decl":{"start":{"line":7,"column":23},"end":{"line":7,"column":24}},"loc":{"start":{"line":7,"column":65},"end":{"line":14,"column":null}},"line":7}},"branchMap":{"0":{"loc":{"start":{"line":7,"column":26},"end":{"line":7,"column":49}},"type":"default-arg","locations":[{"start":{"line":7,"column":36},"end":{"line":7,"column":49}}],"line":7}},"s":{"0":1},"f":{"0":2},"b":{"0":[2]},"meta":{"lastBranch":1,"lastFunction":1,"lastStatement":1,"seen":{"s:7:23:14:Infinity":0,"f:7:23:7:24":0,"b:7:36:7:49":0}}}
,"/Users/macbookprochm3572/Desktop/Reto/github/swapi_bancolombia/src/presentation/components/MensajeError.tsx": {"path":"/Users/macbookprochm3572/Desktop/Reto/github/swapi_bancolombia/src/presentation/components/MensajeError.tsx","statementMap":{"0":{"start":{"line":8,"column":28},"end":{"line":46,"column":null}}},"fnMap":{"0":{"name":"(anonymous_0)","decl":{"start":{"line":8,"column":28},"end":{"line":8,"column":29}},"loc":{"start":{"line":8,"column":66},"end":{"line":46,"column":null}},"line":8}},"branchMap":{},"s":{"0":1},"f":{"0":4},"b":{},"meta":{"lastBranch":0,"lastFunction":1,"lastStatement":1,"seen":{"s:8:28:46:Infinity":0,"f:8:28:8:29":0}}}
,"/Users/macbookprochm3572/Desktop/Reto/github/swapi_bancolombia/src/presentation/components/PersonajeCard.tsx": {"path":"/Users/macbookprochm3572/Desktop/Reto/github/swapi_bancolombia/src/presentation/components/PersonajeCard.tsx","statementMap":{"0":{"start":{"line":14,"column":29},"end":{"line":38,"column":null}},"1":{"start":{"line":40,"column":17},"end":{"line":52,"column":null}},"2":{"start":{"line":41,"column":23},"end":{"line":41,"column":null}}},"fnMap":{"0":{"name":"(anonymous_0)","decl":{"start":{"line":14,"column":29},"end":{"line":14,"column":30}},"loc":{"start":{"line":14,"column":63},"end":{"line":38,"column":null}},"line":14},"1":{"name":"(anonymous_1)","decl":{"start":{"line":40,"column":17},"end":{"line":40,"column":18}},"loc":{"start":{"line":40,"column":55},"end":{"line":52,"column":null}},"line":40}},"branchMap":{"0":{"loc":{"start":{"line":41,"column":23},"end":{"line":41,"column":null}},"type":"cond-expr","locations":[{"start":{"line":41,"column":45},"end":{"line":41,"column":57}},{"start":{"line":41,"column":57},"end":{"line":41,"column":null}}],"line":41}},"s":{"0":1,"1":1,"2":28},"f":{"0":4,"1":28},"b":{"0":[2,26]},"meta":{"lastBranch":1,"lastFunction":2,"lastStatement":3,"seen":{"s:14:29:38:Infinity":0,"f:14:29:14:30":0,"s:40:17:52:Infinity":1,"f:40:17:40:18":1,"s:41:23:41:Infinity":2,"b:41:45:41:57:41:57:41:Infinity":0}}}
,"/Users/macbookprochm3572/Desktop/Reto/github/swapi_bancolombia/src/presentation/components/VehiculoLista.tsx": {"path":"/Users/macbookprochm3572/Desktop/Reto/github/swapi_bancolombia/src/presentation/components/VehiculoLista.tsx","statementMap":{"0":{"start":{"line":7,"column":29},"end":{"line":29,"column":null}},"1":{"start":{"line":8,"column":2},"end":{"line":14,"column":null}},"2":{"start":{"line":35,"column":21},"end":{"line":51,"column":null}},"3":{"start":{"line":58,"column":21},"end":{"line":65,"column":null}}},"fnMap":{"0":{"name":"(anonymous_0)","decl":{"start":{"line":7,"column":29},"end":{"line":7,"column":30}},"loc":{"start":{"line":7,"column":62},"end":{"line":29,"column":null}},"line":7},"1":{"name":"(anonymous_1)","decl":{"start":{"line":35,"column":21},"end":{"line":35,"column":22}},"loc":{"start":{"line":35,"column":53},"end":{"line":51,"column":null}},"line":35},"2":{"name":"(anonymous_2)","decl":{"start":{"line":58,"column":21},"end":{"line":58,"column":22}},"loc":{"start":{"line":58,"column":57},"end":{"line":65,"column":null}},"line":58}},"branchMap":{"0":{"loc":{"start":{"line":8,"column":2},"end":{"line":14,"column":null}},"type":"if","locations":[{"start":{"line":8,"column":2},"end":{"line":14,"column":null}},{"start":{},"end":{}}],"line":8}},"s":{"0":1,"1":3,"2":1,"3":1},"f":{"0":3,"1":4,"2":20},"b":{"0":[1,2]},"meta":{"lastBranch":1,"lastFunction":3,"lastStatement":4,"seen":{"s:7:29:29:Infinity":0,"f:7:29:7:30":0,"b:8:2:14:Infinity:undefined:undefined:undefined:undefined":0,"s:8:2:14:Infinity":1,"s:35:21:51:Infinity":2,"f:35:21:35:22":1,"s:58:21:65:Infinity":3,"f:58:21:58:22":2}}}
}
